<?xml version="1.0" encoding="UTF-8"?>
<!-- Generated by org.testng.reporters.JUnitXMLReporter -->
<testsuite ignored="5" hostname="DESKTOP-MST78UA" failures="0" tests="3" name="Sample tests" time="0.114" errors="0" timestamp="2025-08-16T13:16:31 IST">
  <testcase classname="sampleOne.Class01" name="method01" time="0.021"/>
  <testcase classname="sampleOne.Class01" name="method02" time="0.002"/>
  <testcase classname="sampleTwo.Class03" name="method01" time="0.005"/>
  <testcase classname="sampleTwo.Class04" name="method01" time="0.0">
    <ignored/>
  </testcase> <!-- method01 -->
  <testcase classname="sampleTwo.Class04" name="method02" time="0.0">
    <ignored/>
  </testcase> <!-- method02 -->
  <testcase classname="sampleOne.Class02" name="method01" time="0.0">
    <ignored/>
  </testcase> <!-- method01 -->
  <testcase classname="sampleOne.Class02" name="method02" time="0.0">
    <ignored/>
  </testcase> <!-- method02 -->
  <testcase classname="sampleTwo.Class03" name="method02" time="0.0">
    <ignored/>
  </testcase> <!-- method02 -->
</testsuite> <!-- Sample tests -->
